Determining if the pthread_create exist failed with the following output:
Change Dir: /home/marc/pae-local/autonomous/pae-autonomy/prot-3-gasv2/build2/CMakeFiles/CMakeTmp

Run Build Command:"/usr/bin/make" "cmTC_d4c13/fast"
/usr/bin/make -f CMakeFiles/cmTC_d4c13.dir/build.make CMakeFiles/cmTC_d4c13.dir/build
make[1]: se entra en el directorio '/home/marc/pae-local/autonomous/pae-autonomy/prot-3-gasv2/build2/CMakeFiles/CMakeTmp'
Building C object CMakeFiles/cmTC_d4c13.dir/CheckSymbolExists.c.o
/usr/bin/cc    -o CMakeFiles/cmTC_d4c13.dir/CheckSymbolExists.c.o   -c /home/marc/pae-local/autonomous/pae-autonomy/prot-3-gasv2/build2/CMakeFiles/CMakeTmp/CheckSymbolExists.c
Linking C executable cmTC_d4c13
/usr/bin/cmake -E cmake_link_script CMakeFiles/cmTC_d4c13.dir/link.txt --verbose=1
/usr/bin/cc      -rdynamic CMakeFiles/cmTC_d4c13.dir/CheckSymbolExists.c.o  -o cmTC_d4c13 
CMakeFiles/cmTC_d4c13.dir/CheckSymbolExists.c.o: En la función `main':
CheckSymbolExists.c:(.text+0x1b): referencia a `pthread_create' sin definir
collect2: error: ld returned 1 exit status
CMakeFiles/cmTC_d4c13.dir/build.make:97: recipe for target 'cmTC_d4c13' failed
make[1]: *** [cmTC_d4c13] Error 1
make[1]: se sale del directorio '/home/marc/pae-local/autonomous/pae-autonomy/prot-3-gasv2/build2/CMakeFiles/CMakeTmp'
Makefile:126: recipe for target 'cmTC_d4c13/fast' failed
make: *** [cmTC_d4c13/fast] Error 2

File /home/marc/pae-local/autonomous/pae-autonomy/prot-3-gasv2/build2/CMakeFiles/CMakeTmp/CheckSymbolExists.c:
/* */
#include <pthread.h>

int main(int argc, char** argv)
{
  (void)argv;
#ifndef pthread_create
  return ((int*)(&pthread_create))[argc];
#else
  (void)argc;
  return 0;
#endif
}

Determining if the function pthread_create exists in the pthreads failed with the following output:
Change Dir: /home/marc/pae-local/autonomous/pae-autonomy/prot-3-gasv2/build2/CMakeFiles/CMakeTmp

Run Build Command:"/usr/bin/make" "cmTC_bdd6a/fast"
/usr/bin/make -f CMakeFiles/cmTC_bdd6a.dir/build.make CMakeFiles/cmTC_bdd6a.dir/build
make[1]: se entra en el directorio '/home/marc/pae-local/autonomous/pae-autonomy/prot-3-gasv2/build2/CMakeFiles/CMakeTmp'
Building C object CMakeFiles/cmTC_bdd6a.dir/CheckFunctionExists.c.o
/usr/bin/cc   -DCHECK_FUNCTION_EXISTS=pthread_create   -o CMakeFiles/cmTC_bdd6a.dir/CheckFunctionExists.c.o   -c /usr/share/cmake-3.10/Modules/CheckFunctionExists.c
Linking C executable cmTC_bdd6a
/usr/bin/cmake -E cmake_link_script CMakeFiles/cmTC_bdd6a.dir/link.txt --verbose=1
/usr/bin/cc  -DCHECK_FUNCTION_EXISTS=pthread_create    -rdynamic CMakeFiles/cmTC_bdd6a.dir/CheckFunctionExists.c.o  -o cmTC_bdd6a -lpthreads 
/usr/bin/ld: no se puede encontrar -lpthreads
collect2: error: ld returned 1 exit status
CMakeFiles/cmTC_bdd6a.dir/build.make:97: recipe for target 'cmTC_bdd6a' failed
make[1]: *** [cmTC_bdd6a] Error 1
make[1]: se sale del directorio '/home/marc/pae-local/autonomous/pae-autonomy/prot-3-gasv2/build2/CMakeFiles/CMakeTmp'
Makefile:126: recipe for target 'cmTC_bdd6a/fast' failed
make: *** [cmTC_bdd6a/fast] Error 2


